{"/Users/Ivan_Trishin/Desktop/ReactEMP/react-emp/src/App.tsx": {"path":"/Users/Ivan_Trishin/Desktop/ReactEMP/react-emp/src/App.tsx","statementMap":{"0":{"start":{"line":15,"column":2},"end":{"line":25,"column":4}}},"fnMap":{"0":{"name":"App","decl":{"start":{"line":14,"column":9},"end":{"line":14,"column":12}},"loc":{"start":{"line":14,"column":28},"end":{"line":26,"column":1}},"line":14}},"branchMap":{},"s":{"0":1},"f":{"0":1},"b":{},"_coverageSchema":"1a1c01bbd47fc00a2c39e90264f33305004495a9","hash":"560a97d06fc7fa6665054e2a9d6bbdf5f330d242"}
,"/Users/Ivan_Trishin/Desktop/ReactEMP/react-emp/src/components/app-footer/AppFooter.tsx": {"path":"/Users/Ivan_Trishin/Desktop/ReactEMP/react-emp/src/components/app-footer/AppFooter.tsx","statementMap":{"0":{"start":{"line":4,"column":29},"end":{"line":12,"column":1}},"1":{"start":{"line":5,"column":2},"end":{"line":11,"column":3}}},"fnMap":{"0":{"name":"(anonymous_0)","decl":{"start":{"line":4,"column":29},"end":{"line":4,"column":30}},"loc":{"start":{"line":4,"column":35},"end":{"line":12,"column":1}},"line":4}},"branchMap":{},"s":{"0":5,"1":2},"f":{"0":2},"b":{},"_coverageSchema":"1a1c01bbd47fc00a2c39e90264f33305004495a9","hash":"ee4d1504c9cb9cbcb2bcd5073780c411fd8c1752"}
,"/Users/Ivan_Trishin/Desktop/ReactEMP/react-emp/src/components/app-header/AppHeader.tsx": {"path":"/Users/Ivan_Trishin/Desktop/ReactEMP/react-emp/src/components/app-header/AppHeader.tsx","statementMap":{"0":{"start":{"line":14,"column":45},"end":{"line":54,"column":1}},"1":{"start":{"line":15,"column":54},"end":{"line":15,"column":78}},"2":{"start":{"line":16,"column":24},"end":{"line":16,"column":42}},"3":{"start":{"line":17,"column":18},"end":{"line":17,"column":30}},"4":{"start":{"line":19,"column":24},"end":{"line":21,"column":3}},"5":{"start":{"line":20,"column":4},"end":{"line":20,"column":32}},"6":{"start":{"line":23,"column":22},"end":{"line":25,"column":3}},"7":{"start":{"line":24,"column":4},"end":{"line":24,"column":33}},"8":{"start":{"line":27,"column":2},"end":{"line":32,"column":21}},"9":{"start":{"line":28,"column":4},"end":{"line":31,"column":7}},"10":{"start":{"line":34,"column":2},"end":{"line":34,"column":40}},"11":{"start":{"line":36,"column":2},"end":{"line":53,"column":3}}},"fnMap":{"0":{"name":"(anonymous_0)","decl":{"start":{"line":14,"column":45},"end":{"line":14,"column":46}},"loc":{"start":{"line":14,"column":68},"end":{"line":54,"column":1}},"line":14},"1":{"name":"(anonymous_1)","decl":{"start":{"line":19,"column":24},"end":{"line":19,"column":25}},"loc":{"start":{"line":19,"column":30},"end":{"line":21,"column":3}},"line":19},"2":{"name":"(anonymous_2)","decl":{"start":{"line":23,"column":22},"end":{"line":23,"column":23}},"loc":{"start":{"line":23,"column":28},"end":{"line":25,"column":3}},"line":23},"3":{"name":"(anonymous_3)","decl":{"start":{"line":27,"column":12},"end":{"line":27,"column":13}},"loc":{"start":{"line":27,"column":18},"end":{"line":32,"column":3}},"line":27}},"branchMap":{"0":{"loc":{"start":{"line":28,"column":4},"end":{"line":31,"column":6}},"type":"binary-expr","locations":[{"start":{"line":28,"column":4},"end":{"line":28,"column":13}},{"start":{"line":28,"column":17},"end":{"line":31,"column":6}}],"line":28},"1":{"loc":{"start":{"line":39,"column":7},"end":{"line":50,"column":14}},"type":"cond-expr","locations":[{"start":{"line":39,"column":38},"end":{"line":39,"column":89}},{"start":{"line":40,"column":8},"end":{"line":50,"column":14}}],"line":39},"2":{"loc":{"start":{"line":39,"column":8},"end":{"line":39,"column":34}},"type":"binary-expr","locations":[{"start":{"line":39,"column":8},"end":{"line":39,"column":17}},{"start":{"line":39,"column":21},"end":{"line":39,"column":34}}],"line":39}},"s":{"0":4,"1":1,"2":1,"3":1,"4":1,"5":0,"6":1,"7":0,"8":1,"9":0,"10":1,"11":1},"f":{"0":1,"1":0,"2":0,"3":0},"b":{"0":[0,0],"1":[0,1],"2":[1,1]},"_coverageSchema":"1a1c01bbd47fc00a2c39e90264f33305004495a9","hash":"381eb84a9fa7ac48179b36d83d3a16eee8498388"}
,"/Users/Ivan_Trishin/Desktop/ReactEMP/react-emp/src/components/error-boundary/ErrorBoundary.tsx": {"path":"/Users/Ivan_Trishin/Desktop/ReactEMP/react-emp/src/components/error-boundary/ErrorBoundary.tsx","statementMap":{"0":{"start":{"line":14,"column":24},"end":{"line":16,"column":3}},"1":{"start":{"line":19,"column":4},"end":{"line":19,"column":30}},"2":{"start":{"line":23,"column":4},"end":{"line":23,"column":54}},"3":{"start":{"line":27,"column":4},"end":{"line":29,"column":5}},"4":{"start":{"line":28,"column":6},"end":{"line":28,"column":67}},"5":{"start":{"line":31,"column":4},"end":{"line":31,"column":31}}},"fnMap":{"0":{"name":"(anonymous_0)","decl":{"start":{"line":18,"column":2},"end":{"line":18,"column":3}},"loc":{"start":{"line":18,"column":50},"end":{"line":20,"column":3}},"line":18},"1":{"name":"(anonymous_1)","decl":{"start":{"line":22,"column":2},"end":{"line":22,"column":3}},"loc":{"start":{"line":22,"column":69},"end":{"line":24,"column":3}},"line":22},"2":{"name":"(anonymous_2)","decl":{"start":{"line":26,"column":2},"end":{"line":26,"column":3}},"loc":{"start":{"line":26,"column":43},"end":{"line":32,"column":3}},"line":26}},"branchMap":{"0":{"loc":{"start":{"line":27,"column":4},"end":{"line":29,"column":5}},"type":"if","locations":[{"start":{"line":27,"column":4},"end":{"line":29,"column":5}},{"start":{},"end":{}}],"line":27}},"s":{"0":4,"1":1,"2":0,"3":4,"4":0,"5":4},"f":{"0":1,"1":0,"2":4},"b":{"0":[0,4]},"_coverageSchema":"1a1c01bbd47fc00a2c39e90264f33305004495a9","hash":"7dfc566a8d5fd6130ca3c0d24e3c74d77977f6dc"}
,"/Users/Ivan_Trishin/Desktop/ReactEMP/react-emp/src/components/main-page/MainPage.tsx": {"path":"/Users/Ivan_Trishin/Desktop/ReactEMP/react-emp/src/components/main-page/MainPage.tsx","statementMap":{"0":{"start":{"line":17,"column":31},"end":{"line":22,"column":2}},"1":{"start":{"line":24,"column":56},"end":{"line":24,"column":89}},"2":{"start":{"line":24,"column":62},"end":{"line":24,"column":89}},"3":{"start":{"line":27,"column":28},"end":{"line":48,"column":1}},"4":{"start":{"line":29,"column":38},"end":{"line":29,"column":62}},"5":{"start":{"line":30,"column":46},"end":{"line":30,"column":78}},"6":{"start":{"line":31,"column":23},"end":{"line":31,"column":48}},"7":{"start":{"line":32,"column":31},"end":{"line":32,"column":85}},"8":{"start":{"line":34,"column":4},"end":{"line":37,"column":37}},"9":{"start":{"line":35,"column":31},"end":{"line":35,"column":86}},"10":{"start":{"line":35,"column":50},"end":{"line":35,"column":85}},"11":{"start":{"line":36,"column":8},"end":{"line":36,"column":44}},"12":{"start":{"line":39,"column":4},"end":{"line":47,"column":5}}},"fnMap":{"0":{"name":"(anonymous_0)","decl":{"start":{"line":19,"column":18},"end":{"line":19,"column":19}},"loc":{"start":{"line":19,"column":24},"end":{"line":19,"column":32}},"line":19},"1":{"name":"(anonymous_1)","decl":{"start":{"line":21,"column":22},"end":{"line":21,"column":23}},"loc":{"start":{"line":21,"column":28},"end":{"line":21,"column":36}},"line":21},"2":{"name":"(anonymous_2)","decl":{"start":{"line":24,"column":56},"end":{"line":24,"column":57}},"loc":{"start":{"line":24,"column":62},"end":{"line":24,"column":89}},"line":24},"3":{"name":"(anonymous_3)","decl":{"start":{"line":27,"column":28},"end":{"line":27,"column":29}},"loc":{"start":{"line":27,"column":34},"end":{"line":48,"column":1}},"line":27},"4":{"name":"(anonymous_4)","decl":{"start":{"line":34,"column":14},"end":{"line":34,"column":15}},"loc":{"start":{"line":34,"column":20},"end":{"line":37,"column":5}},"line":34},"5":{"name":"(anonymous_5)","decl":{"start":{"line":35,"column":45},"end":{"line":35,"column":46}},"loc":{"start":{"line":35,"column":50},"end":{"line":35,"column":85}},"line":35}},"branchMap":{},"s":{"0":4,"1":4,"2":7,"3":4,"4":1,"5":1,"6":1,"7":1,"8":1,"9":0,"10":0,"11":0,"12":1},"f":{"0":0,"1":0,"2":7,"3":1,"4":0,"5":0},"b":{},"_coverageSchema":"1a1c01bbd47fc00a2c39e90264f33305004495a9","hash":"c8e965b287459032eec2ac5016d73374591a9df8"}
,"/Users/Ivan_Trishin/Desktop/ReactEMP/react-emp/src/components/modals/AddMovie/AddMovie.tsx": {"path":"/Users/Ivan_Trishin/Desktop/ReactEMP/react-emp/src/components/modals/AddMovie/AddMovie.tsx","statementMap":{"0":{"start":{"line":25,"column":43},"end":{"line":212,"column":1}},"1":{"start":{"line":27,"column":30},"end":{"line":27,"column":57}},"2":{"start":{"line":28,"column":30},"end":{"line":28,"column":50}},"3":{"start":{"line":29,"column":50},"end":{"line":29,"column":86}},"4":{"start":{"line":30,"column":30},"end":{"line":30,"column":154}},"5":{"start":{"line":31,"column":58},"end":{"line":31,"column":82}},"6":{"start":{"line":33,"column":4},"end":{"line":40,"column":11}},"7":{"start":{"line":34,"column":30},"end":{"line":34,"column":35}},"8":{"start":{"line":35,"column":8},"end":{"line":38,"column":11}},"9":{"start":{"line":36,"column":54},"end":{"line":36,"column":104}},"10":{"start":{"line":36,"column":86},"end":{"line":36,"column":94}},"11":{"start":{"line":37,"column":12},"end":{"line":37,"column":63}},"12":{"start":{"line":37,"column":33},"end":{"line":37,"column":63}},"13":{"start":{"line":39,"column":8},"end":{"line":39,"column":31}},"14":{"start":{"line":42,"column":33},"end":{"line":45,"column":5}},"15":{"start":{"line":43,"column":8},"end":{"line":43,"column":37}},"16":{"start":{"line":44,"column":8},"end":{"line":44,"column":60}},"17":{"start":{"line":47,"column":4},"end":{"line":50,"column":15}},"18":{"start":{"line":48,"column":24},"end":{"line":48,"column":69}},"19":{"start":{"line":48,"column":65},"end":{"line":48,"column":68}},"20":{"start":{"line":49,"column":8},"end":{"line":49,"column":40}},"21":{"start":{"line":52,"column":4},"end":{"line":211,"column":6}},"22":{"start":{"line":88,"column":57},"end":{"line":88,"column":106}},"23":{"start":{"line":99,"column":44},"end":{"line":99,"column":63}},"24":{"start":{"line":100,"column":44},"end":{"line":100,"column":119}},"25":{"start":{"line":103,"column":44},"end":{"line":107,"column":50}},"26":{"start":{"line":122,"column":57},"end":{"line":122,"column":121}},"27":{"start":{"line":134,"column":57},"end":{"line":134,"column":112}},"28":{"start":{"line":150,"column":40},"end":{"line":152,"column":51}},"29":{"start":{"line":165,"column":57},"end":{"line":165,"column":116}},"30":{"start":{"line":178,"column":49},"end":{"line":178,"column":101}},"31":{"start":{"line":197,"column":28},"end":{"line":197,"column":38}},"32":{"start":{"line":198,"column":28},"end":{"line":198,"column":59}}},"fnMap":{"0":{"name":"(anonymous_0)","decl":{"start":{"line":25,"column":43},"end":{"line":25,"column":44}},"loc":{"start":{"line":25,"column":66},"end":{"line":212,"column":1}},"line":25},"1":{"name":"(anonymous_1)","decl":{"start":{"line":33,"column":14},"end":{"line":33,"column":15}},"loc":{"start":{"line":33,"column":20},"end":{"line":40,"column":5}},"line":33},"2":{"name":"(anonymous_2)","decl":{"start":{"line":35,"column":40},"end":{"line":35,"column":41}},"loc":{"start":{"line":35,"column":62},"end":{"line":38,"column":9}},"line":35},"3":{"name":"(anonymous_3)","decl":{"start":{"line":36,"column":81},"end":{"line":36,"column":82}},"loc":{"start":{"line":36,"column":86},"end":{"line":36,"column":94}},"line":36},"4":{"name":"(anonymous_4)","decl":{"start":{"line":42,"column":33},"end":{"line":42,"column":34}},"loc":{"start":{"line":42,"column":81},"end":{"line":45,"column":5}},"line":42},"5":{"name":"(anonymous_5)","decl":{"start":{"line":47,"column":14},"end":{"line":47,"column":15}},"loc":{"start":{"line":47,"column":20},"end":{"line":50,"column":5}},"line":47},"6":{"name":"(anonymous_6)","decl":{"start":{"line":48,"column":60},"end":{"line":48,"column":61}},"loc":{"start":{"line":48,"column":65},"end":{"line":48,"column":68}},"line":48},"7":{"name":"(anonymous_7)","decl":{"start":{"line":88,"column":46},"end":{"line":88,"column":47}},"loc":{"start":{"line":88,"column":57},"end":{"line":88,"column":106}},"line":88},"8":{"name":"(anonymous_8)","decl":{"start":{"line":98,"column":50},"end":{"line":98,"column":51}},"loc":{"start":{"line":98,"column":64},"end":{"line":101,"column":41}},"line":98},"9":{"name":"(anonymous_9)","decl":{"start":{"line":102,"column":53},"end":{"line":102,"column":54}},"loc":{"start":{"line":103,"column":44},"end":{"line":107,"column":50}},"line":103},"10":{"name":"(anonymous_10)","decl":{"start":{"line":122,"column":46},"end":{"line":122,"column":47}},"loc":{"start":{"line":122,"column":57},"end":{"line":122,"column":121}},"line":122},"11":{"name":"(anonymous_11)","decl":{"start":{"line":134,"column":46},"end":{"line":134,"column":47}},"loc":{"start":{"line":134,"column":57},"end":{"line":134,"column":112}},"line":134},"12":{"name":"(anonymous_12)","decl":{"start":{"line":149,"column":58},"end":{"line":149,"column":59}},"loc":{"start":{"line":150,"column":40},"end":{"line":152,"column":51}},"line":150},"13":{"name":"(anonymous_13)","decl":{"start":{"line":165,"column":46},"end":{"line":165,"column":47}},"loc":{"start":{"line":165,"column":57},"end":{"line":165,"column":116}},"line":165},"14":{"name":"(anonymous_14)","decl":{"start":{"line":178,"column":38},"end":{"line":178,"column":39}},"loc":{"start":{"line":178,"column":49},"end":{"line":178,"column":101}},"line":178},"15":{"name":"(anonymous_15)","decl":{"start":{"line":196,"column":33},"end":{"line":196,"column":34}},"loc":{"start":{"line":196,"column":39},"end":{"line":199,"column":25}},"line":196}},"branchMap":{"0":{"loc":{"start":{"line":37,"column":12},"end":{"line":37,"column":63}},"type":"if","locations":[{"start":{"line":37,"column":12},"end":{"line":37,"column":63}},{"start":{},"end":{}}],"line":37},"1":{"loc":{"start":{"line":48,"column":24},"end":{"line":48,"column":69}},"type":"binary-expr","locations":[{"start":{"line":48,"column":24},"end":{"line":48,"column":29}},{"start":{"line":48,"column":33},"end":{"line":48,"column":69}}],"line":48},"2":{"loc":{"start":{"line":116,"column":43},"end":{"line":116,"column":105}},"type":"binary-expr","locations":[{"start":{"line":116,"column":43},"end":{"line":116,"column":62}},{"start":{"line":116,"column":66},"end":{"line":116,"column":105}}],"line":116},"3":{"loc":{"start":{"line":160,"column":39},"end":{"line":160,"column":91}},"type":"binary-expr","locations":[{"start":{"line":160,"column":39},"end":{"line":160,"column":53}},{"start":{"line":160,"column":57},"end":{"line":160,"column":91}}],"line":160}},"s":{"0":5,"1":18,"2":18,"3":18,"4":18,"5":18,"6":18,"7":9,"8":9,"9":0,"10":0,"11":0,"12":0,"13":9,"14":18,"15":0,"16":0,"17":18,"18":13,"19":14,"20":13,"21":18,"22":1,"23":0,"24":0,"25":15,"26":1,"27":1,"28":0,"29":1,"30":0,"31":0,"32":0},"f":{"0":18,"1":9,"2":0,"3":0,"4":0,"5":13,"6":14,"7":1,"8":0,"9":15,"10":1,"11":1,"12":0,"13":1,"14":0,"15":0},"b":{"0":[0,0],"1":[13,13],"2":[18,2],"3":[18,2]},"_coverageSchema":"1a1c01bbd47fc00a2c39e90264f33305004495a9","hash":"6e6bceecc2f06590c29299d04d9fbef24c3db2fa"}
,"/Users/Ivan_Trishin/Desktop/ReactEMP/react-emp/src/components/modals/DeleteMovie/DeleteMovie.tsx": {"path":"/Users/Ivan_Trishin/Desktop/ReactEMP/react-emp/src/components/modals/DeleteMovie/DeleteMovie.tsx","statementMap":{"0":{"start":{"line":13,"column":49},"end":{"line":71,"column":1}},"1":{"start":{"line":14,"column":21},"end":{"line":14,"column":34}},"2":{"start":{"line":16,"column":4},"end":{"line":70,"column":6}},"3":{"start":{"line":57,"column":28},"end":{"line":57,"column":56}},"4":{"start":{"line":58,"column":28},"end":{"line":58,"column":50}},"5":{"start":{"line":59,"column":28},"end":{"line":59,"column":38}}},"fnMap":{"0":{"name":"(anonymous_0)","decl":{"start":{"line":13,"column":49},"end":{"line":13,"column":50}},"loc":{"start":{"line":13,"column":76},"end":{"line":71,"column":1}},"line":13},"1":{"name":"(anonymous_1)","decl":{"start":{"line":56,"column":33},"end":{"line":56,"column":34}},"loc":{"start":{"line":56,"column":39},"end":{"line":60,"column":25}},"line":56}},"branchMap":{},"s":{"0":6,"1":5,"2":5,"3":1,"4":1,"5":1},"f":{"0":5,"1":1},"b":{},"_coverageSchema":"1a1c01bbd47fc00a2c39e90264f33305004495a9","hash":"9ba4c7f53893c1f406b96f6d8be8fa4fff706dc3"}
,"/Users/Ivan_Trishin/Desktop/ReactEMP/react-emp/src/components/modals/EditMovie/EditMoive.tsx": {"path":"/Users/Ivan_Trishin/Desktop/ReactEMP/react-emp/src/components/modals/EditMovie/EditMoive.tsx","statementMap":{"0":{"start":{"line":28,"column":45},"end":{"line":239,"column":1}},"1":{"start":{"line":30,"column":30},"end":{"line":30,"column":50}},"2":{"start":{"line":31,"column":50},"end":{"line":31,"column":86}},"3":{"start":{"line":32,"column":42},"end":{"line":32,"column":63}},"4":{"start":{"line":33,"column":36},"end":{"line":33,"column":72}},"5":{"start":{"line":34,"column":21},"end":{"line":34,"column":34}},"6":{"start":{"line":36,"column":4},"end":{"line":52,"column":11}},"7":{"start":{"line":37,"column":30},"end":{"line":37,"column":35}},"8":{"start":{"line":38,"column":8},"end":{"line":41,"column":10}},"9":{"start":{"line":39,"column":54},"end":{"line":39,"column":104}},"10":{"start":{"line":39,"column":86},"end":{"line":39,"column":94}},"11":{"start":{"line":40,"column":12},"end":{"line":40,"column":63}},"12":{"start":{"line":40,"column":33},"end":{"line":40,"column":63}},"13":{"start":{"line":42,"column":8},"end":{"line":50,"column":11}},"14":{"start":{"line":42,"column":29},"end":{"line":50,"column":11}},"15":{"start":{"line":51,"column":8},"end":{"line":51,"column":31}},"16":{"start":{"line":54,"column":33},"end":{"line":57,"column":5}},"17":{"start":{"line":55,"column":8},"end":{"line":55,"column":37}},"18":{"start":{"line":56,"column":8},"end":{"line":56,"column":59}},"19":{"start":{"line":59,"column":4},"end":{"line":62,"column":21}},"20":{"start":{"line":60,"column":24},"end":{"line":60,"column":81}},"21":{"start":{"line":60,"column":77},"end":{"line":60,"column":80}},"22":{"start":{"line":61,"column":8},"end":{"line":61,"column":29}},"23":{"start":{"line":64,"column":4},"end":{"line":238,"column":6}},"24":{"start":{"line":111,"column":57},"end":{"line":111,"column":118}},"25":{"start":{"line":121,"column":44},"end":{"line":121,"column":103}},"26":{"start":{"line":124,"column":44},"end":{"line":128,"column":50}},"27":{"start":{"line":144,"column":57},"end":{"line":144,"column":135}},"28":{"start":{"line":157,"column":57},"end":{"line":157,"column":126}},"29":{"start":{"line":173,"column":40},"end":{"line":175,"column":51}},"30":{"start":{"line":189,"column":57},"end":{"line":189,"column":130}},"31":{"start":{"line":203,"column":49},"end":{"line":203,"column":115}},"32":{"start":{"line":223,"column":28},"end":{"line":223,"column":65}},"33":{"start":{"line":224,"column":28},"end":{"line":224,"column":50}},"34":{"start":{"line":225,"column":28},"end":{"line":225,"column":38}}},"fnMap":{"0":{"name":"(anonymous_0)","decl":{"start":{"line":28,"column":45},"end":{"line":28,"column":46}},"loc":{"start":{"line":28,"column":79},"end":{"line":239,"column":1}},"line":28},"1":{"name":"(anonymous_1)","decl":{"start":{"line":36,"column":14},"end":{"line":36,"column":15}},"loc":{"start":{"line":36,"column":20},"end":{"line":52,"column":5}},"line":36},"2":{"name":"(anonymous_2)","decl":{"start":{"line":38,"column":40},"end":{"line":38,"column":41}},"loc":{"start":{"line":38,"column":62},"end":{"line":41,"column":9}},"line":38},"3":{"name":"(anonymous_3)","decl":{"start":{"line":39,"column":81},"end":{"line":39,"column":82}},"loc":{"start":{"line":39,"column":86},"end":{"line":39,"column":94}},"line":39},"4":{"name":"(anonymous_4)","decl":{"start":{"line":54,"column":33},"end":{"line":54,"column":34}},"loc":{"start":{"line":54,"column":81},"end":{"line":57,"column":5}},"line":54},"5":{"name":"(anonymous_5)","decl":{"start":{"line":59,"column":14},"end":{"line":59,"column":15}},"loc":{"start":{"line":59,"column":20},"end":{"line":62,"column":5}},"line":59},"6":{"name":"(anonymous_6)","decl":{"start":{"line":60,"column":72},"end":{"line":60,"column":73}},"loc":{"start":{"line":60,"column":77},"end":{"line":60,"column":80}},"line":60},"7":{"name":"(anonymous_7)","decl":{"start":{"line":111,"column":46},"end":{"line":111,"column":47}},"loc":{"start":{"line":111,"column":57},"end":{"line":111,"column":118}},"line":111},"8":{"name":"(anonymous_8)","decl":{"start":{"line":120,"column":50},"end":{"line":120,"column":51}},"loc":{"start":{"line":120,"column":64},"end":{"line":122,"column":41}},"line":120},"9":{"name":"(anonymous_9)","decl":{"start":{"line":123,"column":53},"end":{"line":123,"column":54}},"loc":{"start":{"line":124,"column":44},"end":{"line":128,"column":50}},"line":124},"10":{"name":"(anonymous_10)","decl":{"start":{"line":144,"column":46},"end":{"line":144,"column":47}},"loc":{"start":{"line":144,"column":57},"end":{"line":144,"column":135}},"line":144},"11":{"name":"(anonymous_11)","decl":{"start":{"line":157,"column":46},"end":{"line":157,"column":47}},"loc":{"start":{"line":157,"column":57},"end":{"line":157,"column":126}},"line":157},"12":{"name":"(anonymous_12)","decl":{"start":{"line":172,"column":58},"end":{"line":172,"column":59}},"loc":{"start":{"line":173,"column":40},"end":{"line":175,"column":51}},"line":173},"13":{"name":"(anonymous_13)","decl":{"start":{"line":189,"column":46},"end":{"line":189,"column":47}},"loc":{"start":{"line":189,"column":57},"end":{"line":189,"column":130}},"line":189},"14":{"name":"(anonymous_14)","decl":{"start":{"line":203,"column":38},"end":{"line":203,"column":39}},"loc":{"start":{"line":203,"column":49},"end":{"line":203,"column":115}},"line":203},"15":{"name":"(anonymous_15)","decl":{"start":{"line":222,"column":33},"end":{"line":222,"column":34}},"loc":{"start":{"line":222,"column":39},"end":{"line":226,"column":25}},"line":222}},"branchMap":{"0":{"loc":{"start":{"line":40,"column":12},"end":{"line":40,"column":63}},"type":"if","locations":[{"start":{"line":40,"column":12},"end":{"line":40,"column":63}},{"start":{},"end":{}}],"line":40},"1":{"loc":{"start":{"line":42,"column":8},"end":{"line":50,"column":11}},"type":"if","locations":[{"start":{"line":42,"column":8},"end":{"line":50,"column":11}},{"start":{},"end":{}}],"line":42},"2":{"loc":{"start":{"line":60,"column":24},"end":{"line":60,"column":81}},"type":"binary-expr","locations":[{"start":{"line":60,"column":24},"end":{"line":60,"column":35}},{"start":{"line":60,"column":39},"end":{"line":60,"column":81}}],"line":60},"3":{"loc":{"start":{"line":137,"column":43},"end":{"line":137,"column":121}},"type":"binary-expr","locations":[{"start":{"line":137,"column":43},"end":{"line":137,"column":69}},{"start":{"line":137,"column":73},"end":{"line":137,"column":121}}],"line":137},"4":{"loc":{"start":{"line":183,"column":43},"end":{"line":183,"column":110}},"type":"binary-expr","locations":[{"start":{"line":183,"column":43},"end":{"line":183,"column":64}},{"start":{"line":183,"column":68},"end":{"line":183,"column":110}}],"line":183}},"s":{"0":6,"1":30,"2":30,"3":30,"4":30,"5":30,"6":30,"7":7,"8":7,"9":0,"10":0,"11":0,"12":0,"13":7,"14":7,"15":7,"16":30,"17":0,"18":0,"19":30,"20":18,"21":77,"22":18,"23":30,"24":1,"25":0,"26":19,"27":1,"28":1,"29":0,"30":1,"31":0,"32":0,"33":0,"34":0},"f":{"0":30,"1":7,"2":0,"3":0,"4":0,"5":18,"6":77,"7":1,"8":0,"9":19,"10":1,"11":1,"12":0,"13":1,"14":0,"15":0},"b":{"0":[0,0],"1":[7,0],"2":[18,11],"3":[30,22],"4":[30,22]},"_coverageSchema":"1a1c01bbd47fc00a2c39e90264f33305004495a9","hash":"782bf0f5a9fcbc776f322872d6f45e41a38a77de"}
,"/Users/Ivan_Trishin/Desktop/ReactEMP/react-emp/src/components/movie-card/MovieCard.tsx": {"path":"/Users/Ivan_Trishin/Desktop/ReactEMP/react-emp/src/components/movie-card/MovieCard.tsx","statementMap":{"0":{"start":{"line":13,"column":45},"end":{"line":84,"column":1}},"1":{"start":{"line":15,"column":44},"end":{"line":15,"column":68}},"2":{"start":{"line":16,"column":45},"end":{"line":16,"column":63}},"3":{"start":{"line":18,"column":4},"end":{"line":83,"column":6}},"4":{"start":{"line":19,"column":33},"end":{"line":19,"column":54}},"5":{"start":{"line":35,"column":20},"end":{"line":35,"column":39}},"6":{"start":{"line":36,"column":20},"end":{"line":36,"column":48}}},"fnMap":{"0":{"name":"(anonymous_0)","decl":{"start":{"line":13,"column":45},"end":{"line":13,"column":46}},"loc":{"start":{"line":13,"column":62},"end":{"line":84,"column":1}},"line":13},"1":{"name":"(anonymous_1)","decl":{"start":{"line":19,"column":27},"end":{"line":19,"column":28}},"loc":{"start":{"line":19,"column":33},"end":{"line":19,"column":54}},"line":19},"2":{"name":"(anonymous_2)","decl":{"start":{"line":34,"column":41},"end":{"line":34,"column":42}},"loc":{"start":{"line":34,"column":47},"end":{"line":37,"column":17}},"line":34}},"branchMap":{"0":{"loc":{"start":{"line":20,"column":13},"end":{"line":23,"column":22}},"type":"binary-expr","locations":[{"start":{"line":20,"column":13},"end":{"line":20,"column":25}},{"start":{"line":21,"column":16},"end":{"line":23,"column":22}}],"line":20}},"s":{"0":4,"1":2,"2":2,"3":2,"4":0,"5":0,"6":0},"f":{"0":2,"1":0,"2":0},"b":{"0":[2,0]},"_coverageSchema":"1a1c01bbd47fc00a2c39e90264f33305004495a9","hash":"01531424a7527b4f2163d03cce2e0d769299ecee"}
,"/Users/Ivan_Trishin/Desktop/ReactEMP/react-emp/src/components/movie-card-menu/MovieCardMenu.tsx": {"path":"/Users/Ivan_Trishin/Desktop/ReactEMP/react-emp/src/components/movie-card-menu/MovieCardMenu.tsx","statementMap":{"0":{"start":{"line":8,"column":16},"end":{"line":11,"column":1}},"1":{"start":{"line":13,"column":20},"end":{"line":13,"column":22}},"2":{"start":{"line":19,"column":53},"end":{"line":95,"column":1}},"3":{"start":{"line":20,"column":34},"end":{"line":20,"column":68}},"4":{"start":{"line":21,"column":42},"end":{"line":21,"column":68}},"5":{"start":{"line":23,"column":15},"end":{"line":23,"column":32}},"6":{"start":{"line":25,"column":22},"end":{"line":27,"column":3}},"7":{"start":{"line":26,"column":4},"end":{"line":26,"column":37}},"8":{"start":{"line":29,"column":22},"end":{"line":31,"column":3}},"9":{"start":{"line":30,"column":4},"end":{"line":30,"column":22}},"10":{"start":{"line":33,"column":27},"end":{"line":36,"column":3}},"11":{"start":{"line":34,"column":4},"end":{"line":34,"column":28}},"12":{"start":{"line":35,"column":4},"end":{"line":35,"column":18}},"13":{"start":{"line":38,"column":25},"end":{"line":41,"column":3}},"14":{"start":{"line":39,"column":4},"end":{"line":39,"column":26}},"15":{"start":{"line":40,"column":4},"end":{"line":40,"column":18}},"16":{"start":{"line":43,"column":22},"end":{"line":45,"column":3}},"17":{"start":{"line":44,"column":4},"end":{"line":44,"column":22}},"18":{"start":{"line":47,"column":2},"end":{"line":94,"column":4}},"19":{"start":{"line":78,"column":10},"end":{"line":88,"column":21}}},"fnMap":{"0":{"name":"(anonymous_0)","decl":{"start":{"line":19,"column":53},"end":{"line":19,"column":54}},"loc":{"start":{"line":19,"column":70},"end":{"line":95,"column":1}},"line":19},"1":{"name":"(anonymous_1)","decl":{"start":{"line":25,"column":22},"end":{"line":25,"column":23}},"loc":{"start":{"line":25,"column":64},"end":{"line":27,"column":3}},"line":25},"2":{"name":"(anonymous_2)","decl":{"start":{"line":29,"column":22},"end":{"line":29,"column":23}},"loc":{"start":{"line":29,"column":28},"end":{"line":31,"column":3}},"line":29},"3":{"name":"(anonymous_3)","decl":{"start":{"line":33,"column":27},"end":{"line":33,"column":28}},"loc":{"start":{"line":33,"column":33},"end":{"line":36,"column":3}},"line":33},"4":{"name":"(anonymous_4)","decl":{"start":{"line":38,"column":25},"end":{"line":38,"column":26}},"loc":{"start":{"line":38,"column":31},"end":{"line":41,"column":3}},"line":38},"5":{"name":"(anonymous_5)","decl":{"start":{"line":43,"column":22},"end":{"line":43,"column":23}},"loc":{"start":{"line":43,"column":28},"end":{"line":45,"column":3}},"line":43},"6":{"name":"(anonymous_6)","decl":{"start":{"line":77,"column":21},"end":{"line":77,"column":22}},"loc":{"start":{"line":78,"column":10},"end":{"line":88,"column":21}},"line":78}},"branchMap":{"0":{"loc":{"start":{"line":53,"column":23},"end":{"line":53,"column":48}},"type":"cond-expr","locations":[{"start":{"line":53,"column":30},"end":{"line":53,"column":36}},{"start":{"line":53,"column":39},"end":{"line":53,"column":48}}],"line":53},"1":{"loc":{"start":{"line":81,"column":21},"end":{"line":81,"column":76}},"type":"cond-expr","locations":[{"start":{"line":81,"column":43},"end":{"line":81,"column":59}},{"start":{"line":81,"column":62},"end":{"line":81,"column":76}}],"line":81}},"s":{"0":5,"1":5,"2":5,"3":1,"4":1,"5":1,"6":1,"7":0,"8":1,"9":0,"10":1,"11":0,"12":0,"13":1,"14":0,"15":0,"16":1,"17":0,"18":1,"19":2},"f":{"0":1,"1":0,"2":0,"3":0,"4":0,"5":0,"6":2},"b":{"0":[0,1],"1":[1,1]},"_coverageSchema":"1a1c01bbd47fc00a2c39e90264f33305004495a9","hash":"57fc827a884c8bedce64edd604a4be4c514e3e7a"}
,"/Users/Ivan_Trishin/Desktop/ReactEMP/react-emp/src/components/movies-container/MoviesContainer.tsx": {"path":"/Users/Ivan_Trishin/Desktop/ReactEMP/react-emp/src/components/movies-container/MoviesContainer.tsx","statementMap":{"0":{"start":{"line":34,"column":43},"end":{"line":37,"column":1}},"1":{"start":{"line":35,"column":19},"end":{"line":35,"column":32}},"2":{"start":{"line":36,"column":2},"end":{"line":36,"column":27}},"3":{"start":{"line":39,"column":35},"end":{"line":137,"column":1}},"4":{"start":{"line":40,"column":46},"end":{"line":40,"column":69}},"5":{"start":{"line":41,"column":34},"end":{"line":41,"column":52}},"6":{"start":{"line":42,"column":34},"end":{"line":42,"column":52}},"7":{"start":{"line":43,"column":21},"end":{"line":43,"column":46}},"8":{"start":{"line":44,"column":19},"end":{"line":44,"column":32}},"9":{"start":{"line":45,"column":18},"end":{"line":45,"column":30}},"10":{"start":{"line":47,"column":19},"end":{"line":47,"column":74}},"11":{"start":{"line":48,"column":21},"end":{"line":48,"column":77}},"12":{"start":{"line":50,"column":2},"end":{"line":80,"column":45}},"13":{"start":{"line":51,"column":4},"end":{"line":55,"column":27}},"14":{"start":{"line":57,"column":4},"end":{"line":60,"column":7}},"15":{"start":{"line":62,"column":4},"end":{"line":65,"column":7}},"16":{"start":{"line":67,"column":4},"end":{"line":70,"column":7}},"17":{"start":{"line":72,"column":4},"end":{"line":74,"column":5}},"18":{"start":{"line":73,"column":6},"end":{"line":73,"column":30}},"19":{"start":{"line":76,"column":4},"end":{"line":78,"column":5}},"20":{"start":{"line":77,"column":6},"end":{"line":77,"column":32}},"21":{"start":{"line":82,"column":2},"end":{"line":85,"column":15}},"22":{"start":{"line":83,"column":4},"end":{"line":83,"column":36}},"23":{"start":{"line":83,"column":28},"end":{"line":83,"column":34}},"24":{"start":{"line":84,"column":4},"end":{"line":84,"column":23}},"25":{"start":{"line":87,"column":2},"end":{"line":136,"column":3}},"26":{"start":{"line":123,"column":14},"end":{"line":130,"column":21}}},"fnMap":{"0":{"name":"(anonymous_0)","decl":{"start":{"line":34,"column":43},"end":{"line":34,"column":44}},"loc":{"start":{"line":34,"column":49},"end":{"line":37,"column":1}},"line":34},"1":{"name":"(anonymous_1)","decl":{"start":{"line":39,"column":35},"end":{"line":39,"column":36}},"loc":{"start":{"line":39,"column":41},"end":{"line":137,"column":1}},"line":39},"2":{"name":"(anonymous_2)","decl":{"start":{"line":50,"column":12},"end":{"line":50,"column":13}},"loc":{"start":{"line":50,"column":18},"end":{"line":80,"column":3}},"line":50},"3":{"name":"(anonymous_3)","decl":{"start":{"line":82,"column":12},"end":{"line":82,"column":13}},"loc":{"start":{"line":82,"column":18},"end":{"line":85,"column":3}},"line":82},"4":{"name":"(anonymous_4)","decl":{"start":{"line":83,"column":22},"end":{"line":83,"column":23}},"loc":{"start":{"line":83,"column":28},"end":{"line":83,"column":34}},"line":83},"5":{"name":"(anonymous_5)","decl":{"start":{"line":122,"column":33},"end":{"line":122,"column":34}},"loc":{"start":{"line":123,"column":14},"end":{"line":130,"column":21}},"line":123}},"branchMap":{"0":{"loc":{"start":{"line":52,"column":6},"end":{"line":55,"column":25}},"type":"cond-expr","locations":[{"start":{"line":52,"column":26},"end":{"line":52,"column":60}},{"start":{"line":53,"column":10},"end":{"line":55,"column":25}}],"line":52},"1":{"loc":{"start":{"line":52,"column":6},"end":{"line":52,"column":23}},"type":"binary-expr","locations":[{"start":{"line":52,"column":6},"end":{"line":52,"column":12}},{"start":{"line":52,"column":16},"end":{"line":52,"column":23}}],"line":52},"2":{"loc":{"start":{"line":53,"column":10},"end":{"line":55,"column":25}},"type":"cond-expr","locations":[{"start":{"line":53,"column":30},"end":{"line":53,"column":62}},{"start":{"line":54,"column":12},"end":{"line":55,"column":25}}],"line":53},"3":{"loc":{"start":{"line":53,"column":10},"end":{"line":53,"column":27}},"type":"binary-expr","locations":[{"start":{"line":53,"column":10},"end":{"line":53,"column":16}},{"start":{"line":53,"column":20},"end":{"line":53,"column":27}}],"line":53},"4":{"loc":{"start":{"line":54,"column":12},"end":{"line":55,"column":25}},"type":"cond-expr","locations":[{"start":{"line":54,"column":31},"end":{"line":54,"column":114}},{"start":{"line":55,"column":14},"end":{"line":55,"column":25}}],"line":54},"5":{"loc":{"start":{"line":54,"column":12},"end":{"line":54,"column":28}},"type":"binary-expr","locations":[{"start":{"line":54,"column":12},"end":{"line":54,"column":18}},{"start":{"line":54,"column":22},"end":{"line":54,"column":28}}],"line":54},"6":{"loc":{"start":{"line":57,"column":4},"end":{"line":60,"column":6}},"type":"binary-expr","locations":[{"start":{"line":57,"column":4},"end":{"line":57,"column":10}},{"start":{"line":57,"column":14},"end":{"line":60,"column":6}}],"line":57},"7":{"loc":{"start":{"line":62,"column":4},"end":{"line":65,"column":6}},"type":"binary-expr","locations":[{"start":{"line":62,"column":4},"end":{"line":62,"column":10}},{"start":{"line":62,"column":14},"end":{"line":65,"column":6}}],"line":62},"8":{"loc":{"start":{"line":67,"column":4},"end":{"line":70,"column":6}},"type":"binary-expr","locations":[{"start":{"line":67,"column":4},"end":{"line":67,"column":10}},{"start":{"line":67,"column":14},"end":{"line":67,"column":20}},{"start":{"line":67,"column":24},"end":{"line":70,"column":6}}],"line":67},"9":{"loc":{"start":{"line":72,"column":4},"end":{"line":74,"column":5}},"type":"if","locations":[{"start":{"line":72,"column":4},"end":{"line":74,"column":5}},{"start":{},"end":{}}],"line":72},"10":{"loc":{"start":{"line":72,"column":8},"end":{"line":72,"column":27}},"type":"binary-expr","locations":[{"start":{"line":72,"column":8},"end":{"line":72,"column":16}},{"start":{"line":72,"column":20},"end":{"line":72,"column":27}}],"line":72},"11":{"loc":{"start":{"line":76,"column":4},"end":{"line":78,"column":5}},"type":"if","locations":[{"start":{"line":76,"column":4},"end":{"line":78,"column":5}},{"start":{},"end":{}}],"line":76},"12":{"loc":{"start":{"line":76,"column":8},"end":{"line":76,"column":29}},"type":"binary-expr","locations":[{"start":{"line":76,"column":8},"end":{"line":76,"column":18}},{"start":{"line":76,"column":22},"end":{"line":76,"column":29}}],"line":76}},"s":{"0":4,"1":0,"2":0,"3":4,"4":4,"5":4,"6":4,"7":4,"8":4,"9":4,"10":4,"11":4,"12":4,"13":2,"14":2,"15":2,"16":2,"17":2,"18":0,"19":2,"20":0,"21":4,"22":2,"23":2,"24":2,"25":4,"26":0},"f":{"0":0,"1":4,"2":2,"3":2,"4":2,"5":0},"b":{"0":[0,2],"1":[2,0],"2":[0,2],"3":[2,0],"4":[0,2],"5":[2,0],"6":[2,0],"7":[2,0],"8":[2,0,0],"9":[0,2],"10":[2,0],"11":[0,2],"12":[2,0]},"_coverageSchema":"1a1c01bbd47fc00a2c39e90264f33305004495a9","hash":"68da19bd7a4272874dea5681740a5a95e19fa203"}
,"/Users/Ivan_Trishin/Desktop/ReactEMP/react-emp/src/components/page-not-found/PageNotFound.tsx": {"path":"/Users/Ivan_Trishin/Desktop/ReactEMP/react-emp/src/components/page-not-found/PageNotFound.tsx","statementMap":{"0":{"start":{"line":4,"column":32},"end":{"line":40,"column":1}},"1":{"start":{"line":5,"column":4},"end":{"line":39,"column":5}}},"fnMap":{"0":{"name":"(anonymous_0)","decl":{"start":{"line":4,"column":32},"end":{"line":4,"column":33}},"loc":{"start":{"line":4,"column":38},"end":{"line":40,"column":1}},"line":4}},"branchMap":{},"s":{"0":2,"1":1},"f":{"0":1},"b":{},"_coverageSchema":"1a1c01bbd47fc00a2c39e90264f33305004495a9","hash":"aca08617878e9e39cc977420193cdfdac8f654ce"}
,"/Users/Ivan_Trishin/Desktop/ReactEMP/react-emp/src/components/search-input/SearchInput.tsx": {"path":"/Users/Ivan_Trishin/Desktop/ReactEMP/react-emp/src/components/search-input/SearchInput.tsx","statementMap":{"0":{"start":{"line":7,"column":31},"end":{"line":47,"column":1}},"1":{"start":{"line":8,"column":42},"end":{"line":8,"column":62}},"2":{"start":{"line":9,"column":21},"end":{"line":9,"column":34}},"3":{"start":{"line":10,"column":20},"end":{"line":10,"column":32}},"4":{"start":{"line":12,"column":36},"end":{"line":14,"column":5}},"5":{"start":{"line":13,"column":8},"end":{"line":13,"column":43}},"6":{"start":{"line":16,"column":30},"end":{"line":22,"column":5}},"7":{"start":{"line":17,"column":8},"end":{"line":17,"column":43}},"8":{"start":{"line":18,"column":8},"end":{"line":21,"column":11}},"9":{"start":{"line":24,"column":4},"end":{"line":46,"column":5}}},"fnMap":{"0":{"name":"(anonymous_0)","decl":{"start":{"line":7,"column":31},"end":{"line":7,"column":32}},"loc":{"start":{"line":7,"column":37},"end":{"line":47,"column":1}},"line":7},"1":{"name":"(anonymous_1)","decl":{"start":{"line":12,"column":36},"end":{"line":12,"column":37}},"loc":{"start":{"line":12,"column":84},"end":{"line":14,"column":5}},"line":12},"2":{"name":"(anonymous_2)","decl":{"start":{"line":16,"column":30},"end":{"line":16,"column":31}},"loc":{"start":{"line":16,"column":36},"end":{"line":22,"column":5}},"line":16}},"branchMap":{},"s":{"0":5,"1":6,"2":6,"3":6,"4":6,"5":1,"6":6,"7":0,"8":0,"9":6},"f":{"0":6,"1":1,"2":0},"b":{},"_coverageSchema":"1a1c01bbd47fc00a2c39e90264f33305004495a9","hash":"c0591abfc422a72ffd98455669f4242e7fdd0344"}
,"/Users/Ivan_Trishin/Desktop/ReactEMP/react-emp/src/components/selected-movie-info/SelectedMovieInfo.tsx": {"path":"/Users/Ivan_Trishin/Desktop/ReactEMP/react-emp/src/components/selected-movie-info/SelectedMovieInfo.tsx","statementMap":{"0":{"start":{"line":12,"column":61},"end":{"line":65,"column":1}},"1":{"start":{"line":14,"column":40},"end":{"line":14,"column":58}},"2":{"start":{"line":16,"column":31},"end":{"line":18,"column":5}},"3":{"start":{"line":17,"column":7},"end":{"line":17,"column":39}},"4":{"start":{"line":20,"column":4},"end":{"line":64,"column":6}}},"fnMap":{"0":{"name":"(anonymous_0)","decl":{"start":{"line":12,"column":61},"end":{"line":12,"column":62}},"loc":{"start":{"line":12,"column":82},"end":{"line":65,"column":1}},"line":12},"1":{"name":"(anonymous_1)","decl":{"start":{"line":16,"column":31},"end":{"line":16,"column":32}},"loc":{"start":{"line":16,"column":37},"end":{"line":18,"column":5}},"line":16}},"branchMap":{},"s":{"0":4,"1":4,"2":4,"3":0,"4":4},"f":{"0":4,"1":0},"b":{},"_coverageSchema":"1a1c01bbd47fc00a2c39e90264f33305004495a9","hash":"fafc7b75713e2711be674507821f9e51b50c2f65"}
,"/Users/Ivan_Trishin/Desktop/ReactEMP/react-emp/src/components/sorting-filter/SortingFilter.tsx": {"path":"/Users/Ivan_Trishin/Desktop/ReactEMP/react-emp/src/components/sorting-filter/SortingFilter.tsx","statementMap":{"0":{"start":{"line":13,"column":53},"end":{"line":93,"column":1}},"1":{"start":{"line":14,"column":30},"end":{"line":14,"column":49}},"2":{"start":{"line":15,"column":32},"end":{"line":15,"column":58}},"3":{"start":{"line":16,"column":42},"end":{"line":16,"column":61}},"4":{"start":{"line":18,"column":4},"end":{"line":22,"column":22}},"5":{"start":{"line":19,"column":8},"end":{"line":21,"column":11}},"6":{"start":{"line":20,"column":12},"end":{"line":20,"column":79}},"7":{"start":{"line":20,"column":59},"end":{"line":20,"column":67}},"8":{"start":{"line":24,"column":18},"end":{"line":33,"column":6}},"9":{"start":{"line":35,"column":28},"end":{"line":38,"column":5}},"10":{"start":{"line":36,"column":8},"end":{"line":36,"column":27}},"11":{"start":{"line":37,"column":8},"end":{"line":37,"column":45}},"12":{"start":{"line":40,"column":33},"end":{"line":43,"column":5}},"13":{"start":{"line":41,"column":8},"end":{"line":41,"column":38}},"14":{"start":{"line":42,"column":8},"end":{"line":42,"column":42}},"15":{"start":{"line":45,"column":4},"end":{"line":92,"column":5}},"16":{"start":{"line":55,"column":24},"end":{"line":62,"column":33}},"17":{"start":{"line":61,"column":32},"end":{"line":61,"column":53}}},"fnMap":{"0":{"name":"(anonymous_0)","decl":{"start":{"line":13,"column":53},"end":{"line":13,"column":54}},"loc":{"start":{"line":13,"column":118},"end":{"line":93,"column":1}},"line":13},"1":{"name":"(anonymous_1)","decl":{"start":{"line":18,"column":14},"end":{"line":18,"column":15}},"loc":{"start":{"line":18,"column":20},"end":{"line":22,"column":5}},"line":18},"2":{"name":"(anonymous_2)","decl":{"start":{"line":19,"column":40},"end":{"line":19,"column":41}},"loc":{"start":{"line":19,"column":62},"end":{"line":21,"column":9}},"line":19},"3":{"name":"(anonymous_3)","decl":{"start":{"line":20,"column":54},"end":{"line":20,"column":55}},"loc":{"start":{"line":20,"column":59},"end":{"line":20,"column":67}},"line":20},"4":{"name":"(anonymous_4)","decl":{"start":{"line":35,"column":28},"end":{"line":35,"column":29}},"loc":{"start":{"line":35,"column":79},"end":{"line":38,"column":5}},"line":35},"5":{"name":"(anonymous_5)","decl":{"start":{"line":40,"column":33},"end":{"line":40,"column":34}},"loc":{"start":{"line":40,"column":63},"end":{"line":43,"column":5}},"line":40},"6":{"name":"(anonymous_6)","decl":{"start":{"line":54,"column":38},"end":{"line":54,"column":39}},"loc":{"start":{"line":55,"column":24},"end":{"line":62,"column":33}},"line":55},"7":{"name":"(anonymous_7)","decl":{"start":{"line":60,"column":37},"end":{"line":60,"column":38}},"loc":{"start":{"line":60,"column":43},"end":{"line":62,"column":29}},"line":60}},"branchMap":{"0":{"loc":{"start":{"line":49,"column":27},"end":{"line":49,"column":81}},"type":"cond-expr","locations":[{"start":{"line":49,"column":41},"end":{"line":49,"column":73}},{"start":{"line":49,"column":76},"end":{"line":49,"column":81}}],"line":49},"1":{"loc":{"start":{"line":83,"column":35},"end":{"line":83,"column":71}},"type":"cond-expr","locations":[{"start":{"line":83,"column":50},"end":{"line":83,"column":62}},{"start":{"line":83,"column":65},"end":{"line":83,"column":71}}],"line":83}},"s":{"0":4,"1":4,"2":4,"3":4,"4":4,"5":2,"6":0,"7":0,"8":4,"9":4,"10":0,"11":0,"12":4,"13":0,"14":0,"15":4,"16":0,"17":0},"f":{"0":4,"1":2,"2":0,"3":0,"4":0,"5":0,"6":0,"7":0},"b":{"0":[0,4],"1":[0,4]},"_coverageSchema":"1a1c01bbd47fc00a2c39e90264f33305004495a9","hash":"feeefa975573a621b7bf6a8876c37ea79edec4b9"}
}
