TN:
SF:src/App.tsx
FN:14,App
FNF:1
FNH:1
FNDA:1,App
DA:15,1
LF:1
LH:1
BRF:0
BRH:0
end_of_record
TN:
SF:src/components/app-footer/AppFooter.tsx
FN:4,(anonymous_0)
FNF:1
FNH:1
FNDA:2,(anonymous_0)
DA:4,5
DA:5,2
LF:2
LH:2
BRF:0
BRH:0
end_of_record
TN:
SF:src/components/app-header/AppHeader.tsx
FN:14,(anonymous_0)
FN:19,(anonymous_1)
FN:23,(anonymous_2)
FN:27,(anonymous_3)
FNF:4
FNH:1
FNDA:1,(anonymous_0)
FNDA:0,(anonymous_1)
FNDA:0,(anonymous_2)
FNDA:0,(anonymous_3)
DA:14,4
DA:15,1
DA:16,1
DA:17,1
DA:19,1
DA:20,0
DA:23,1
DA:24,0
DA:27,1
DA:28,0
DA:34,1
DA:36,1
LF:12
LH:9
BRDA:28,0,0,0
BRDA:28,0,1,0
BRDA:39,1,0,0
BRDA:39,1,1,1
BRDA:39,2,0,1
BRDA:39,2,1,1
BRF:6
BRH:3
end_of_record
TN:
SF:src/components/error-boundary/ErrorBoundary.tsx
FN:18,(anonymous_0)
FN:22,(anonymous_1)
FN:26,(anonymous_2)
FNF:3
FNH:2
FNDA:1,(anonymous_0)
FNDA:0,(anonymous_1)
FNDA:4,(anonymous_2)
DA:14,4
DA:19,1
DA:23,0
DA:27,4
DA:28,0
DA:31,4
LF:6
LH:4
BRDA:27,0,0,0
BRDA:27,0,1,4
BRF:2
BRH:1
end_of_record
TN:
SF:src/components/main-page/MainPage.tsx
FN:19,(anonymous_0)
FN:21,(anonymous_1)
FN:24,(anonymous_2)
FN:27,(anonymous_3)
FN:34,(anonymous_4)
FN:35,(anonymous_5)
FNF:6
FNH:2
FNDA:0,(anonymous_0)
FNDA:0,(anonymous_1)
FNDA:7,(anonymous_2)
FNDA:1,(anonymous_3)
FNDA:0,(anonymous_4)
FNDA:0,(anonymous_5)
DA:17,4
DA:24,7
DA:27,4
DA:29,1
DA:30,1
DA:31,1
DA:32,1
DA:34,1
DA:35,0
DA:36,0
DA:39,1
LF:11
LH:9
BRF:0
BRH:0
end_of_record
TN:
SF:src/components/modals/AddMovie/AddMovie.tsx
FN:25,(anonymous_0)
FN:33,(anonymous_1)
FN:35,(anonymous_2)
FN:36,(anonymous_3)
FN:42,(anonymous_4)
FN:47,(anonymous_5)
FN:48,(anonymous_6)
FN:88,(anonymous_7)
FN:98,(anonymous_8)
FN:102,(anonymous_9)
FN:122,(anonymous_10)
FN:134,(anonymous_11)
FN:149,(anonymous_12)
FN:165,(anonymous_13)
FN:178,(anonymous_14)
FN:196,(anonymous_15)
FNF:16
FNH:9
FNDA:18,(anonymous_0)
FNDA:9,(anonymous_1)
FNDA:0,(anonymous_2)
FNDA:0,(anonymous_3)
FNDA:0,(anonymous_4)
FNDA:13,(anonymous_5)
FNDA:14,(anonymous_6)
FNDA:1,(anonymous_7)
FNDA:0,(anonymous_8)
FNDA:15,(anonymous_9)
FNDA:1,(anonymous_10)
FNDA:1,(anonymous_11)
FNDA:0,(anonymous_12)
FNDA:1,(anonymous_13)
FNDA:0,(anonymous_14)
FNDA:0,(anonymous_15)
DA:25,5
DA:27,18
DA:28,18
DA:29,18
DA:30,18
DA:31,18
DA:33,18
DA:34,9
DA:35,9
DA:36,0
DA:37,0
DA:39,9
DA:42,18
DA:43,0
DA:44,0
DA:47,18
DA:48,14
DA:49,13
DA:52,18
DA:88,1
DA:99,0
DA:100,0
DA:103,15
DA:122,1
DA:134,1
DA:150,0
DA:165,1
DA:178,0
DA:197,0
DA:198,0
LF:30
LH:20
BRDA:37,0,0,0
BRDA:37,0,1,0
BRDA:48,1,0,13
BRDA:48,1,1,13
BRDA:116,2,0,18
BRDA:116,2,1,2
BRDA:160,3,0,18
BRDA:160,3,1,2
BRF:8
BRH:6
end_of_record
TN:
SF:src/components/modals/DeleteMovie/DeleteMovie.tsx
FN:13,(anonymous_0)
FN:56,(anonymous_1)
FNF:2
FNH:2
FNDA:5,(anonymous_0)
FNDA:1,(anonymous_1)
DA:13,6
DA:14,5
DA:16,5
DA:57,1
DA:58,1
DA:59,1
LF:6
LH:6
BRF:0
BRH:0
end_of_record
TN:
SF:src/components/modals/EditMovie/EditMoive.tsx
FN:28,(anonymous_0)
FN:36,(anonymous_1)
FN:38,(anonymous_2)
FN:39,(anonymous_3)
FN:54,(anonymous_4)
FN:59,(anonymous_5)
FN:60,(anonymous_6)
FN:111,(anonymous_7)
FN:120,(anonymous_8)
FN:123,(anonymous_9)
FN:144,(anonymous_10)
FN:157,(anonymous_11)
FN:172,(anonymous_12)
FN:189,(anonymous_13)
FN:203,(anonymous_14)
FN:222,(anonymous_15)
FNF:16
FNH:9
FNDA:30,(anonymous_0)
FNDA:7,(anonymous_1)
FNDA:0,(anonymous_2)
FNDA:0,(anonymous_3)
FNDA:0,(anonymous_4)
FNDA:18,(anonymous_5)
FNDA:77,(anonymous_6)
FNDA:1,(anonymous_7)
FNDA:0,(anonymous_8)
FNDA:19,(anonymous_9)
FNDA:1,(anonymous_10)
FNDA:1,(anonymous_11)
FNDA:0,(anonymous_12)
FNDA:1,(anonymous_13)
FNDA:0,(anonymous_14)
FNDA:0,(anonymous_15)
DA:28,6
DA:30,30
DA:31,30
DA:32,30
DA:33,30
DA:34,30
DA:36,30
DA:37,7
DA:38,7
DA:39,0
DA:40,0
DA:42,7
DA:51,7
DA:54,30
DA:55,0
DA:56,0
DA:59,30
DA:60,77
DA:61,18
DA:64,30
DA:111,1
DA:121,0
DA:124,19
DA:144,1
DA:157,1
DA:173,0
DA:189,1
DA:203,0
DA:223,0
DA:224,0
DA:225,0
LF:31
LH:21
BRDA:40,0,0,0
BRDA:40,0,1,0
BRDA:42,1,0,7
BRDA:42,1,1,0
BRDA:60,2,0,18
BRDA:60,2,1,11
BRDA:137,3,0,30
BRDA:137,3,1,22
BRDA:183,4,0,30
BRDA:183,4,1,22
BRF:10
BRH:7
end_of_record
TN:
SF:src/components/movie-card/MovieCard.tsx
FN:13,(anonymous_0)
FN:19,(anonymous_1)
FN:34,(anonymous_2)
FNF:3
FNH:1
FNDA:2,(anonymous_0)
FNDA:0,(anonymous_1)
FNDA:0,(anonymous_2)
DA:13,4
DA:15,2
DA:16,2
DA:18,2
DA:19,0
DA:35,0
DA:36,0
LF:7
LH:4
BRDA:20,0,0,2
BRDA:20,0,1,0
BRF:2
BRH:1
end_of_record
TN:
SF:src/components/movie-card-menu/MovieCardMenu.tsx
FN:19,(anonymous_0)
FN:25,(anonymous_1)
FN:29,(anonymous_2)
FN:33,(anonymous_3)
FN:38,(anonymous_4)
FN:43,(anonymous_5)
FN:77,(anonymous_6)
FNF:7
FNH:2
FNDA:1,(anonymous_0)
FNDA:0,(anonymous_1)
FNDA:0,(anonymous_2)
FNDA:0,(anonymous_3)
FNDA:0,(anonymous_4)
FNDA:0,(anonymous_5)
FNDA:2,(anonymous_6)
DA:8,5
DA:13,5
DA:19,5
DA:20,1
DA:21,1
DA:23,1
DA:25,1
DA:26,0
DA:29,1
DA:30,0
DA:33,1
DA:34,0
DA:35,0
DA:38,1
DA:39,0
DA:40,0
DA:43,1
DA:44,0
DA:47,1
DA:78,2
LF:20
LH:13
BRDA:53,0,0,0
BRDA:53,0,1,1
BRDA:81,1,0,1
BRDA:81,1,1,1
BRF:4
BRH:3
end_of_record
TN:
SF:src/components/movies-container/MoviesContainer.tsx
FN:34,(anonymous_0)
FN:39,(anonymous_1)
FN:50,(anonymous_2)
FN:82,(anonymous_3)
FN:83,(anonymous_4)
FN:122,(anonymous_5)
FNF:6
FNH:4
FNDA:0,(anonymous_0)
FNDA:4,(anonymous_1)
FNDA:2,(anonymous_2)
FNDA:2,(anonymous_3)
FNDA:2,(anonymous_4)
FNDA:0,(anonymous_5)
DA:34,4
DA:35,0
DA:36,0
DA:39,4
DA:40,4
DA:41,4
DA:42,4
DA:43,4
DA:44,4
DA:45,4
DA:47,4
DA:48,4
DA:50,4
DA:51,2
DA:57,2
DA:62,2
DA:67,2
DA:72,2
DA:73,0
DA:76,2
DA:77,0
DA:82,4
DA:83,2
DA:84,2
DA:87,4
DA:123,0
LF:26
LH:21
BRDA:52,0,0,0
BRDA:52,0,1,2
BRDA:52,1,0,2
BRDA:52,1,1,0
BRDA:53,2,0,0
BRDA:53,2,1,2
BRDA:53,3,0,2
BRDA:53,3,1,0
BRDA:54,4,0,0
BRDA:54,4,1,2
BRDA:54,5,0,2
BRDA:54,5,1,0
BRDA:57,6,0,2
BRDA:57,6,1,0
BRDA:62,7,0,2
BRDA:62,7,1,0
BRDA:67,8,0,2
BRDA:67,8,1,0
BRDA:67,8,2,0
BRDA:72,9,0,0
BRDA:72,9,1,2
BRDA:72,10,0,2
BRDA:72,10,1,0
BRDA:76,11,0,0
BRDA:76,11,1,2
BRDA:76,12,0,2
BRDA:76,12,1,0
BRF:27
BRH:13
end_of_record
TN:
SF:src/components/page-not-found/PageNotFound.tsx
FN:4,(anonymous_0)
FNF:1
FNH:1
FNDA:1,(anonymous_0)
DA:4,2
DA:5,1
LF:2
LH:2
BRF:0
BRH:0
end_of_record
TN:
SF:src/components/search-input/SearchInput.tsx
FN:7,(anonymous_0)
FN:12,(anonymous_1)
FN:16,(anonymous_2)
FNF:3
FNH:2
FNDA:6,(anonymous_0)
FNDA:1,(anonymous_1)
FNDA:0,(anonymous_2)
DA:7,5
DA:8,6
DA:9,6
DA:10,6
DA:12,6
DA:13,1
DA:16,6
DA:17,0
DA:18,0
DA:24,6
LF:10
LH:8
BRF:0
BRH:0
end_of_record
TN:
SF:src/components/selected-movie-info/SelectedMovieInfo.tsx
FN:12,(anonymous_0)
FN:16,(anonymous_1)
FNF:2
FNH:1
FNDA:4,(anonymous_0)
FNDA:0,(anonymous_1)
DA:12,4
DA:14,4
DA:16,4
DA:17,0
DA:20,4
LF:5
LH:4
BRF:0
BRH:0
end_of_record
TN:
SF:src/components/sorting-filter/SortingFilter.tsx
FN:13,(anonymous_0)
FN:18,(anonymous_1)
FN:19,(anonymous_2)
FN:20,(anonymous_3)
FN:35,(anonymous_4)
FN:40,(anonymous_5)
FN:54,(anonymous_6)
FN:60,(anonymous_7)
FNF:8
FNH:2
FNDA:4,(anonymous_0)
FNDA:2,(anonymous_1)
FNDA:0,(anonymous_2)
FNDA:0,(anonymous_3)
FNDA:0,(anonymous_4)
FNDA:0,(anonymous_5)
FNDA:0,(anonymous_6)
FNDA:0,(anonymous_7)
DA:13,4
DA:14,4
DA:15,4
DA:16,4
DA:18,4
DA:19,2
DA:20,0
DA:24,4
DA:35,4
DA:36,0
DA:37,0
DA:40,4
DA:41,0
DA:42,0
DA:45,4
DA:55,0
DA:61,0
LF:17
LH:10
BRDA:49,0,0,0
BRDA:49,0,1,4
BRDA:83,1,0,0
BRDA:83,1,1,4
BRF:4
BRH:2
end_of_record
